# JRE version: Java(TM) SE Runtime Environment (8.0_92-b14) (build 1.8.0_92-b14)
# Java VM: Java HotSpot(TM) 64-Bit Server VM (25.92-b14 mixed mode bsd-amd64 compressed oops)
Heap:
 PSYoungGen      total 71680K, used 11492K [0x0000000795580000, 0x000000079e800000, 0x00000007c0000000)
  eden space 66560K, 13% used [0x0000000795580000,0x0000000795e755f8,0x0000000799680000)
  from space 5120K, 45% used [0x0000000799680000,0x00000007998c3b68,0x0000000799b80000)
  to   space 13824K, 0% used [0x000000079da80000,0x000000079da80000,0x000000079e800000)
 ParOldGen       total 56832K, used 11280K [0x0000000740000000, 0x0000000743780000, 0x0000000795580000)
  object space 56832K, 19% used [0x0000000740000000,0x0000000740b04028,0x0000000743780000)
 Metaspace       used 24051K, capacity 25174K, committed 25344K, reserved 1071104K
  class space    used 3208K, capacity 3471K, committed 3584K, reserved 1048576K
GC Heap History (10 events):
Event: 1.517 GC heap before
{Heap before GC invocations=2 (full 0):
 PSYoungGen      total 38400K, used 36549K [0x0000000795580000, 0x0000000798000000, 0x00000007c0000000)
  eden space 33280K, 98% used [0x0000000795580000,0x000000079756e548,0x0000000797600000)
  from space 5120K, 75% used [0x0000000797600000,0x00000007979c3028,0x0000000797b00000)
  to   space 5120K, 0% used [0x0000000797b00000,0x0000000797b00000,0x0000000798000000)
 ParOldGen       total 87552K, used 16K [0x0000000740000000, 0x0000000745580000, 0x0000000795580000)
  object space 87552K, 0% used [0x0000000740000000,0x0000000740004000,0x0000000745580000)
 Metaspace       used 12973K, capacity 13630K, committed 13824K, reserved 1060864K
  class space    used 1836K, capacity 2046K, committed 2048K, reserved 1048576K
Event: 1.524 GC heap after
Heap after GC invocations=2 (full 0):
 PSYoungGen      total 38400K, used 5102K [0x0000000795580000, 0x000000079a080000, 0x00000007c0000000)
  eden space 33280K, 0% used [0x0000000795580000,0x0000000795580000,0x0000000797600000)
  from space 5120K, 99% used [0x0000000797b00000,0x0000000797ffbba8,0x0000000798000000)
  to   space 5120K, 0% used [0x0000000797600000,0x0000000797600000,0x0000000797b00000)
 ParOldGen       total 87552K, used 5517K [0x0000000740000000, 0x0000000745580000, 0x0000000795580000)
  object space 87552K, 6% used [0x0000000740000000,0x0000000740563570,0x0000000745580000)
 Metaspace       used 12973K, capacity 13630K, committed 13824K, reserved 1060864K
  class space    used 1836K, capacity 2046K, committed 2048K, reserved 1048576K
}
Event: 3.215 GC heap before
{Heap before GC invocations=3 (full 0):
 PSYoungGen      total 38400K, used 38382K [0x0000000795580000, 0x000000079a080000, 0x00000007c0000000)
  eden space 33280K, 100% used [0x0000000795580000,0x0000000797600000,0x0000000797600000)
  from space 5120K, 99% used [0x0000000797b00000,0x0000000797ffbba8,0x0000000798000000)
  to   space 5120K, 0% used [0x0000000797600000,0x0000000797600000,0x0000000797b00000)
 ParOldGen       total 87552K, used 5517K [0x0000000740000000, 0x0000000745580000, 0x0000000795580000)
  object space 87552K, 6% used [0x0000000740000000,0x0000000740563570,0x0000000745580000)
 Metaspace       used 19524K, capacity 20332K, committed 20608K, reserved 1067008K
  class space    used 2641K, capacity 2881K, committed 2944K, reserved 1048576K
Event: 3.225 GC heap after
Heap after GC invocations=3 (full 0):
 PSYoungGen      total 38400K, used 5097K [0x0000000795580000, 0x000000079a080000, 0x00000007c0000000)
  eden space 33280K, 0% used [0x0000000795580000,0x0000000795580000,0x0000000797600000)
  from space 5120K, 99% used [0x0000000797600000,0x0000000797afa600,0x0000000797b00000)
  to   space 5120K, 0% used [0x0000000799b80000,0x0000000799b80000,0x000000079a080000)
 ParOldGen       total 87552K, used 10747K [0x0000000740000000, 0x0000000745580000, 0x0000000795580000)
  object space 87552K, 12% used [0x0000000740000000,0x0000000740a7ec80,0x0000000745580000)
 Metaspace       used 19524K, capacity 20332K, committed 20608K, reserved 1067008K
  class space    used 2641K, capacity 2881K, committed 2944K, reserved 1048576K
}
Event: 6.454 GC heap before
{Heap before GC invocations=4 (full 0):
 PSYoungGen      total 38400K, used 13856K [0x0000000795580000, 0x000000079a080000, 0x00000007c0000000)
  eden space 33280K, 26% used [0x0000000795580000,0x0000000795e0db78,0x0000000797600000)
  from space 5120K, 99% used [0x0000000797600000,0x0000000797afa600,0x0000000797b00000)
  to   space 5120K, 0% used [0x0000000799b80000,0x0000000799b80000,0x000000079a080000)
 ParOldGen       total 87552K, used 10747K [0x0000000740000000, 0x0000000745580000, 0x0000000795580000)
  object space 87552K, 12% used [0x0000000740000000,0x0000000740a7ec80,0x0000000745580000)
 Metaspace       used 20394K, capacity 21184K, committed 21296K, reserved 1067008K
  class space    used 2729K, capacity 2939K, committed 2944K, reserved 1048576K
Event: 6.462 GC heap after
Heap after GC invocations=4 (full 0):
 PSYoungGen      total 71680K, used 5105K [0x0000000795580000, 0x000000079a080000, 0x00000007c0000000)
  eden space 66560K, 0% used [0x0000000795580000,0x0000000795580000,0x0000000799680000)
  from space 5120K, 99% used [0x0000000799b80000,0x000000079a07c490,0x000000079a080000)
  to   space 5120K, 0% used [0x0000000799680000,0x0000000799680000,0x0000000799b80000)
 ParOldGen       total 87552K, used 11852K [0x0000000740000000, 0x0000000745580000, 0x0000000795580000)
  object space 87552K, 13% used [0x0000000740000000,0x0000000740b93250,0x0000000745580000)
 Metaspace       used 20394K, capacity 21184K, committed 21296K, reserved 1067008K
  class space    used 2729K, capacity 2939K, committed 2944K, reserved 1048576K
}
Event: 6.462 GC heap before
{Heap before GC invocations=5 (full 1):
 PSYoungGen      total 71680K, used 5105K [0x0000000795580000, 0x000000079a080000, 0x00000007c0000000)
  eden space 66560K, 0% used [0x0000000795580000,0x0000000795580000,0x0000000799680000)
  from space 5120K, 99% used [0x0000000799b80000,0x000000079a07c490,0x000000079a080000)
  to   space 5120K, 0% used [0x0000000799680000,0x0000000799680000,0x0000000799b80000)
 ParOldGen       total 87552K, used 11852K [0x0000000740000000, 0x0000000745580000, 0x0000000795580000)
  object space 87552K, 13% used [0x0000000740000000,0x0000000740b93250,0x0000000745580000)
 Metaspace       used 20394K, capacity 21184K, committed 21296K, reserved 1067008K
  class space    used 2729K, capacity 2939K, committed 2944K, reserved 1048576K
Event: 6.496 GC heap after
Heap after GC invocations=5 (full 1):
 PSYoungGen      total 71680K, used 0K [0x0000000795580000, 0x000000079a080000, 0x00000007c0000000)
  eden space 66560K, 0% used [0x0000000795580000,0x0000000795580000,0x0000000799680000)
  from space 5120K, 0% used [0x0000000799b80000,0x0000000799b80000,0x000000079a080000)
  to   space 5120K, 0% used [0x0000000799680000,0x0000000799680000,0x0000000799b80000)
 ParOldGen       total 56832K, used 11272K [0x0000000740000000, 0x0000000743780000, 0x0000000795580000)
  object space 56832K, 19% used [0x0000000740000000,0x0000000740b02028,0x0000000743780000)
 Metaspace       used 20394K, capacity 21184K, committed 21296K, reserved 1067008K
  class space    used 2729K, capacity 2939K, committed 2944K, reserved 1048576K
}
Event: 64.042 GC heap before
{Heap before GC invocations=6 (full 1):
 PSYoungGen      total 71680K, used 66560K [0x0000000795580000, 0x000000079a080000, 0x00000007c0000000)
  eden space 66560K, 100% used [0x0000000795580000,0x0000000799680000,0x0000000799680000)
  from space 5120K, 0% used [0x0000000799b80000,0x0000000799b80000,0x000000079a080000)
  to   space 5120K, 0% used [0x0000000799680000,0x0000000799680000,0x0000000799b80000)
 ParOldGen       total 56832K, used 11272K [0x0000000740000000, 0x0000000743780000, 0x0000000795580000)
  object space 56832K, 19% used [0x0000000740000000,0x0000000740b02028,0x0000000743780000)
 Metaspace       used 23983K, capacity 25120K, committed 25344K, reserved 1071104K
  class space    used 3201K, capacity 3460K, committed 3584K, reserved 1048576K
Event: 64.051 GC heap after
Heap after GC invocations=6 (full 1):
 PSYoungGen      total 71680K, used 2318K [0x0000000795580000, 0x000000079e800000, 0x00000007c0000000)
  eden space 66560K, 0% used [0x0000000795580000,0x0000000795580000,0x0000000799680000)
  from space 5120K, 45% used [0x0000000799680000,0x00000007998c3b68,0x0000000799b80000)
  to   space 13824K, 0% used [0x000000079da80000,0x000000079da80000,0x000000079e800000)
 ParOldGen       total 56832K, used 11280K [0x0000000740000000, 0x0000000743780000, 0x0000000795580000)
  object space 56832K, 19% used [0x0000000740000000,0x0000000740b04028,0x0000000743780000)
 Metaspace       used 23983K, capacity 25120K, committed 25344K, reserved 1071104K
  class space    used 3201K, capacity 3460K, committed 3584K, reserved 1048576K
}

